<?xml version="1.0" encoding="UTF-8"?>
<testsuite xmlns:xsi="http://www.w3.org/2001/XMLSchema-instance" xsi:noNamespaceSchemaLocation="https://maven.apache.org/surefire/maven-surefire-plugin/xsd/surefire-test-report-3.0.xsd" version="3.0" name="conduitApp.ConduitTest" time="6.419" tests="1" errors="0" skipped="0" failures="0">
  <properties>
[...]
</properties>
  <testcase name="testParallel" classname="conduitApp.ConduitTest" time="6.398">
    <system-out><![CDATA[16:34:41.361 [main] DEBUG com.intuit.karate.Suite - [config] classpath:karate-config.js
16:34:41.378 [main] INFO  com.intuit.karate.Suite - backed up existing 'target\karate-reports' dir to: target\karate-reports_1709636681368
16:34:41.395 [main] DEBUG com.intuit.karate.Suite - waiting for 3 features to complete
16:34:42.678 [pool-2-thread-4] INFO  com.intuit.karate - karate.env system property was: null 
16:34:42.677 [pool-2-thread-1] INFO  com.intuit.karate - karate.env system property was: null 
16:34:42.679 [pool-2-thread-2] INFO  com.intuit.karate - karate.env system property was: null 
16:34:42.679 [pool-2-thread-5] INFO  com.intuit.karate - karate.env system property was: null 
16:34:42.679 [pool-2-thread-3] INFO  com.intuit.karate - karate.env system property was: null 
16:34:43.184 [pool-2-thread-4] DEBUG com.intuit.karate - request:
1 > GET https://conduit.productionready.io/api/tags
1 > Host: conduit.productionready.io
1 > Connection: Keep-Alive
1 > User-Agent: Apache-HttpClient/4.5.14 (Java/11.0.22)
1 > Accept-Encoding: gzip,deflate


16:34:43.184 [pool-2-thread-5] DEBUG com.intuit.karate - request:
1 > GET https://conduit.productionready.io/api/articles?offset=0&limit=10
1 > Host: conduit.productionready.io
1 > Connection: Keep-Alive
1 > User-Agent: Apache-HttpClient/4.5.14 (Java/11.0.22)
1 > Accept-Encoding: gzip,deflate


16:34:43.184 [pool-2-thread-2] DEBUG com.intuit.karate - request:
1 > GET https://conduit-api.bondaracademy.com/api/articles?offset=0&limit=10
1 > Host: conduit-api.bondaracademy.com
1 > Connection: Keep-Alive
1 > User-Agent: Apache-HttpClient/4.5.14 (Java/11.0.22)
1 > Accept-Encoding: gzip,deflate


16:34:43.184 [pool-2-thread-1] DEBUG com.intuit.karate - request:
1 > GET https://conduit-api.bondaracademy.com/api/tags
1 > Host: conduit-api.bondaracademy.com
1 > Connection: Keep-Alive
1 > User-Agent: Apache-HttpClient/4.5.14 (Java/11.0.22)
1 > Accept-Encoding: gzip,deflate


16:34:43.185 [pool-2-thread-3] DEBUG com.intuit.karate - request:
1 > POST https://conduit.productionready.io/api/users/login
1 > Content-Type: application/json; charset=UTF-8
1 > Content-Length: 57
1 > Host: conduit.productionready.io
1 > Connection: Keep-Alive
1 > User-Agent: Apache-HttpClient/4.5.14 (Java/11.0.22)
1 > Accept-Encoding: gzip,deflate
{"user":{"email":"kar1@test.com","password":"Karate123"}}

16:34:43.651 [pool-2-thread-5] DEBUG com.intuit.karate - request:
2 > GET https://conduit.productionready.io/api/articles?offset=0&limit=10
2 > Host: api.realworld.io
2 > Connection: Keep-Alive
2 > User-Agent: Apache-HttpClient/4.5.14 (Java/11.0.22)
2 > Accept-Encoding: gzip,deflate


16:34:43.651 [pool-2-thread-3] DEBUG com.intuit.karate - request:
2 > POST https://conduit.productionready.io/api/users/login
2 > Content-Type: application/json; charset=UTF-8
2 > Content-Length: 57
2 > Host: api.realworld.io
2 > Connection: Keep-Alive
2 > User-Agent: Apache-HttpClient/4.5.14 (Java/11.0.22)
2 > Accept-Encoding: gzip,deflate
{"user":{"email":"kar1@test.com","password":"Karate123"}}

16:34:43.652 [pool-2-thread-4] DEBUG com.intuit.karate - request:
2 > GET https://conduit.productionready.io/api/tags
2 > Host: api.realworld.io
2 > Connection: Keep-Alive
2 > User-Agent: Apache-HttpClient/4.5.14 (Java/11.0.22)
2 > Accept-Encoding: gzip,deflate


16:34:43.869 [pool-2-thread-1] DEBUG com.intuit.karate - response time in milliseconds: 679
1 < 200
1 < x-powered-by: Express
1 < access-control-allow-origin: https://conduit.bondaracademy.com
1 < vary: Origin
1 < content-type: application/json; charset=utf-8
1 < etag: W/"7a-kKw3m3zVGzEHRyZtejmgcLiLdBo"
1 < X-Cloud-Trace-Context: e1a63634477b1ab2f03184755311a6f5
1 < Date: Tue, 05 Mar 2024 11:04:43 GMT
1 < Server: Google Frontend
1 < Content-Length: 122
{"tags":["Test","Zoom","Bondar Academy","YouTube","qa career","QA Skills","Value-Focused","Git","GitHub","Live Sessions"]}

16:34:43.925 [pool-2-thread-2] DEBUG com.intuit.karate - response time in milliseconds: 738
1 < 200
1 < x-powered-by: Express
1 < access-control-allow-origin: https://conduit.bondaracademy.com
1 < vary: Origin
1 < content-type: application/json; charset=utf-8
1 < etag: W/"439b-zA9JIk2JE+9uluchsUdVEz82CEI"
1 < X-Cloud-Trace-Context: 9aad4f3224b5abac08572e5862a29026;o=1
1 < Date: Tue, 05 Mar 2024 11:04:43 GMT
1 < Server: Google Frontend
1 < Content-Length: 17307
{"articles":[{"slug":"Discover-Bondar-Academy:-Your-Gateway-to-Efficient-Learning-1","title":"Discover Bondar Academy: Your Gateway to Efficient Learning","description":"Discover Bondar Academy's unique place in the educational landscape, where value-focused and efficient learning approaches converge. Our goal is to rapidly enhance your professional technical skills, boosting your market competitiveness and paving the way for higher-paying job opportunities. The speed of your progress is in your hands – you set the pace, and we provide the solutions and support to help you achieve your desired outcomes.","body":"Bondar Academy is a leading platform for efficient education, designed to boost your technical skills and advance your career in Quality Assurance (QA). Our program features a balanced mix of pre-recorded lectures and live sessions, allowing each student to study at their own pace and at a time that suits them. \n\nOur instructors are readily available on our Slack Workspace for support. Whether it's a quick question or a more complex issue requiring a Zoom call or Slack Huddle for screen sharing and live discussion, we're here to assist. Additionally, each class comes with a comprehensive question bank for self-assessment. Following each lecture, you have the opportunity to validate your understanding and readiness to progress to the next topic. You set the pace, and we provide the solutions to ensure you achieve your desired outcomes.\n\nSignUp today: https://www.bondaracademy.com","tagList":["qa career","Bondar Academy","QA Skills","Value-Focused"],"createdAt":"2024-01-27T21:52:32.682Z","updatedAt":"2024-01-27T21:52:32.682Z","favorited":false,"favoritesCount":45,"author":{"username":"Artem Bondar","bio":null,"image":"https://storage.googleapis.com/bondar-academy-visuals/Android.png","following":false}},{"slug":"The-value-of-pre-recorded-video-classes.-The-most-efficient-approach-to-tranfer-the-knowledge-1","title":"The value of pre-recorded video classes. The most efficient approach to tranfer the knowledge","description":"As educational practices evolve, video tutorials have emerged as the most efficient method for imparting theoretical knowledge. At Bondar Academy, we prioritize expertly structured and crafted video tutorials, ensuring you learn quickly and effectively and advance your skills.","body":"At Bondar Academy, we prioritize the value of your time and the efficiency of your education, distinguishing our approach from traditional colleges and live boot camps. Forget long, tedious live lectures on a fixed schedule. With us, you learn at your convenience and pace through optimized, structured video lectures. \n\nWe understand your goal is rapid knowledge acquisition. Our pre-recorded and well-organized lectures are designed precisely for this, ensuring no slowdowns from group dynamics or unrelated instructor anecdotes. \n\nDive straight into the subject matter, learn efficiently, and if questions arise, our immediate support on the Slack Workspace is there to streamline your learning process and swiftly remove any roadblocks.","tagList":["Bondar Academy","Video Lectures","Tutorials"],"createdAt":"2024-01-27T21:50:38.825Z","updatedAt":"2024-01-27T21:50:38.825Z","favorited":false,"favoritesCount":27,"author":{"username":"Artem Bondar","bio":null,"image":"https://storage.googleapis.com/bondar-academy-visuals/Android.png","following":false}},{"slug":"Mastering-Knowledge-with-Self-Assessments:-Identifying-and-Bridging-Learning-Gaps-in-Education-1","title":"Mastering Knowledge with Self-Assessments: Identifying and Bridging Learning Gaps in Education","description":"Self-assessment is an essential tool for gauging your understanding of lecture material. It answers critical questions: Have you grasped everything correctly? Is there anything you've missed? Are you prepared for the next lesson? These assessments ensure that you build a solid foundation of knowledge, confidently and efficiently paving the way for swift progress and effective learning outcomes.","body":"Traditional educational institutions, such as colleges and universities, commonly use tests and assessments to measure knowledge. This approach is effective for gauging student performance, but it's not without drawbacks. In these settings, assessments after every lecture aren't feasible due to the time required for teachers to evaluate them. This often leads to students having a false sense of understanding, believing they've comprehended all aspects of a lecture when, in reality, small but crucial details might be missed. These 'knowledge gaps' can accumulate, making more complex topics difficult to grasp later on.\n\nAt Bondar Academy, we address this challenge by implementing self-assessments after every lecture. These are designed to cover key questions that ensure a thorough understanding of the material, essential for comfort and success in future lectures. The number of questions varies, ranging from 3-4 to 15-20, depending on the lecture's significance and the volume of critical information. With these self-assessments, students receive immediate feedback, helping them determine if they've fully understood the lecture or if they need to revisit certain parts or seek assistance from our instructors in the Slack Workspace.","tagList":["Self-Assessment","Test","Exam"],"createdAt":"2024-01-27T21:48:36.340Z","updatedAt":"2024-01-27T21:48:36.340Z","favorited":false,"favoritesCount":6,"author":{"username":"Artem Bondar","bio":null,"image":"https://storage.googleapis.com/bondar-academy-visuals/Android.png","following":false}},{"slug":"Practical-Implementation-of-Skills:-Homework-Assignments-with-Instructor-Supervision-1","title":"Practical Implementation of Skills: Homework Assignments with Instructor Supervision","description":"Knowledge or skills not reinforced through practical exercises can quickly fade, often faster than anticipated. Homework, particularly in tasks like writing your own code, is crucial for honing these skills and cementing your understanding. At Bondar Academy, we ensure this vital step by assigning homework, rigorously evaluating the outcomes, and providing valuable feedback to guide your learning journey.","body":"Homework assignments are a fundamental component of the educational methodology at Bondar Academy, especially in technical education where learning a new programming language or framework is involved. The key to mastering these skills lies in writing code; the more you write, the better you become. However, merely replicating code seen in lectures leads to minimal learning. Often, this approach leaves students unclear about why their code works the way it does, as they focus on copying rather than understanding.\n\nA homework assignment at Bondar Academy starts with a blank page, challenging students to apply all their knowledge to write the first line of code. This process is more demanding than it appears. As you write each line, understanding and reasoning grow, making your code meaningful and comprehensible. You learn to write code that makes sense to you, enhancing your understanding.\n\nIn completing these assignments, you engage the 'thinking' part of your brain, transforming theoretical knowledge into practical skills. Recognizing the crucial role of homework in learning, our instructors at Bondar Academy are always available to assist with any challenges. Just reach out on Slack, and you'll receive the guidance and support needed for successful completion. At Bondar Academy, we fully understand the importance of homework assignments for the best outcome, so our instructors are always here to assist if you have any difficulties with completing them. Just ask in Slack and you'll be guided and assisted.","tagList":["Homework","Assignments","Practice","Coding"],"createdAt":"2024-01-27T21:46:09.512Z","updatedAt":"2024-01-27T21:46:09.512Z","favorited":false,"favoritesCount":2,"author":{"username":"Artem Bondar","bio":null,"image":"https://storage.googleapis.com/bondar-academy-visuals/Android.png","following":false}},{"slug":"Embracing-Daily-Git-Routines:-Real-Code-Reviews-on-GitHub-for-Effective-Coding-Practice.-1","title":"Embracing Daily Git Routines: Real Code Reviews on GitHub for Effective Coding Practice.","description":"Learning to code is just one part of a larger skill set; effectively managing and organizing code is equally crucial. At Bondar Academy, we integrate Git and platforms like GitHub into the core learning cycle. With us, using Git becomes a regular routine, where organizing code in branches, storing it in remote repositories, and collaborating with others through strategies like branching, merging, pull requests, and code reviews are standard practice.","body":"At Bondar Academy, mastering Git and GitHub is a fundamental step before delving into frameworks or programming languages. Effective code management, organization, and storage are crucial skills, and Git is the premier tool for this purpose. However, many learners initially find Git challenging due to its complexity and non-intuitive nature. To address this, our instructors have developed structured lectures on Git and GitHub, ensuring an efficient and thorough understanding of these essential tools. Git lessons are a mandatory prerequisite in every class. For a glimpse into our teaching approach, visit our YouTube channel: https://www.youtube.com/@BondarAcademy/playlists.\n\nIn our courses, all homework assignments are reviewed using GitHub pull requests, mirroring the workflow in real-world software development environments. Students submit their code to their working branch for review. Our instructors then provide feedback, suggesting modifications or adjustments for pull request approval. This iterative process is repeated throughout the course, establishing Git usage as a natural and routine part of your coding practice.","tagList":["YouTube","Git","GitHub"],"createdAt":"2024-01-27T21:42:31.491Z","updatedAt":"2024-01-27T21:42:31.491Z","favorited":false,"favoritesCount":4,"author":{"username":"Artem Bondar","bio":null,"image":"https://storage.googleapis.com/bondar-academy-visuals/Android.png","following":false}},{"slug":"Engaging-in-Live-Zoom-Sessions:-Interact-with-Instructors-and-Peers-Ask-Questions-in-Real-Time-1","title":"Engaging in Live Zoom Sessions: Interact with Instructors and Peers, Ask Questions in Real-Time","description":"In our increasingly online world, personal engagement remains a crucial element of effective learning. At Bondar Academy, we address this by hosting live Zoom sessions. These sessions provide a platform for live interaction between instructors and students, and among students themselves. Complementing our Slack channel, these live sessions offer an additional avenue for asking questions and engaging in meaningful discussions.","body":"In our increasingly online world, personal engagement remains a crucial element of effective learning. \nAt Bondar Academy, we address this by hosting live Zoom sessions. These sessions provide a platform for live interaction between instructors and students and among students themselves. Complementing our Slack channel, these live sessions offer an additional avenue for asking questions and engaging in meaningful discussions.","tagList":["Zoom","Live Sessions"],"createdAt":"2024-01-27T21:39:50.587Z","updatedAt":"2024-01-27T21:39:50.587Z","favorited":false,"favoritesCount":2,"author":{"username":"Artem Bondar","bio":null,"image":"https://storage.googleapis.com/bondar-academy-visuals/Android.png","following":false}},{"slug":"Utilizing-Slack-for-Continuous-Engagement:-Connect-with-Instructors-Share-Insights-and-Collaborate-1","title":"Utilizing Slack for Continuous Engagement: Connect with Instructors, Share Insights, and Collaborate","description":"Slack stands out as a widely-used messaging and collaboration platform, celebrated for its convenience and versatility. It enables simultaneous participation in multiple conversations, supports comments and emoji reactions, and allows users to share screenshots, videos, and code snippets. Its functionality extends to making calls in huddle sessions. Given these robust features, Bondar Academy has chosen Slack as our primary communication platform, facilitating seamless interaction and collaboration.","body":"As a new member of Bondar Academy, one of your initial steps should be registering for the Bondar Academy Slack Workspace. Upon registration at Bondar Academy, you'll receive a welcome email containing the URL to join. This Workspace serves as a central hub for communication with instructors and fellow students. Whether you have a question, need to share code, or want to upload screenshots, Slack makes it easy and efficient. Moreover, its compatibility with both desktop and mobile devices, by downloading and installing the app, ensures you can stay connected with your instructors and the community wherever you go.","tagList":["Slack","Community","Collaboration"],"createdAt":"2024-01-27T21:38:27.992Z","updatedAt":"2024-01-27T21:38:27.992Z","favorited":false,"favoritesCount":3,"author":{"username":"Artem Bondar","bio":null,"image":"https://storage.googleapis.com/bondar-academy-visuals/Android.png","following":false}},{"slug":"Stay-Ahead-with-Bondar-Academy:-Subscribe-to-Our-YouTube-channel-for-Latest-Tech-and-Education-Updates-1","title":"Stay Ahead with Bondar Academy: Subscribe to Our YouTube channel for Latest Tech and Education Updates","description":"Who doesn't appreciate high-quality free resources? YouTube serves as an ideal platform for sharing the latest news, updates, and a wealth of tips and tricks in test automation and technology. Keep abreast of these invaluable insights by subscribing to the @bondaracademy YouTube channel.","body":"Who doesn't appreciate high-quality free resources? \n\nYouTube serves as an ideal platform for sharing the latest news, updates, and a wealth of tips and tricks in test automation and technology. \n\nKeep abreast of these invaluable insights by subscribing to our YouTube channel: https://www.youtube.com/@bondaracademy","tagList":["YouTube"],"createdAt":"2024-01-27T21:36:32.360Z","updatedAt":"2024-01-27T21:36:32.360Z","favorited":false,"favoritesCount":1,"author":{"username":"Artem Bondar","bio":null,"image":"https://storage.googleapis.com/bondar-academy-visuals/Android.png","following":false}},{"slug":"Explore-the-Latest-in-Learning:-Bondar-Academy-Blog's-Educational-Insights-from-Our-Experts-1","title":"Explore the Latest in Learning: Bondar Academy Blog's Educational Insights from Our Experts","description":"Discover a treasure trove of knowledge on the Bondar Academy blog. Here, we share an array of tips, techniques, and valuable educational materials, all designed to keep you abreast of the latest technological trends and best practices. For easy access and continual learning, consider bookmarking our blog in your browser.","body":"On the Bondar Academy blog, we consistently provide insightful and pertinent updates on the latest in technology, test automation, and industry best practices. For your convenience, we recommend adding our blog to your browser's bookmarks. Our commitment to keeping you informed is reflected in our weekly posts, each focusing on a significant topic of the week.\n\nWe value your input and invite you to contribute to our ever-evolving content. If you have any suggestions or specific topics you'd like us to explore, please feel free to share your ideas in the Bondar Academy Slack workspace. \n\nDiscover our blog here: https://www.bondaracademy.com/blog\n","tagList":["Blog"],"createdAt":"2024-01-27T21:34:04.531Z","updatedAt":"2024-01-27T21:34:04.531Z","favorited":false,"favoritesCount":1,"author":{"username":"Artem Bondar","bio":null,"image":"https://storage.googleapis.com/bondar-academy-visuals/Android.png","following":false}},{"slug":"Take-the-Next-Step:-Join-Bondar-Academy-Today-and-Enroll-into-the-class-1","title":"Take the Next Step: Join Bondar Academy Today and Enroll into the class","description":"Are you prepared to transform your educational journey? Begin by signing up at Bondar Academy, then register for our Slack Workspace to start exploring. We offer a range of classes, with some being completely free and others featuring free previews of the initial sections. This allows you to experience our content and teaching approach firsthand, helping you make an informed decision before enrolling in a class.","body":"Are you prepared to transform your educational journey? \n\nBegin by signing up at Bondar Academy, then register for our Slack Workspace to start exploring. We offer a range of classes, with some being completely free and others featuring free previews of the initial sections. This allows you to experience our content and teaching approach firsthand, helping you make an informed decision before enrolling in a class.\n\nClick here to enroll: https://www.bondaracademy.com","tagList":["Enroll","Start for Free"],"createdAt":"2024-01-27T21:32:21.056Z","updatedAt":"2024-01-27T21:32:21.056Z","favorited":false,"favoritesCount":2,"author":{"username":"Artem Bondar","bio":null,"image":"https://storage.googleapis.com/bondar-academy-visuals/Android.png","following":false}}],"articlesCount":10}

16:34:44.441 [pool-2-thread-4] DEBUG com.intuit.karate - response time in milliseconds: 787
2 < 200
2 < Date: Tue, 05 Mar 2024 11:04:44 GMT
2 < Content-Type: application/json; charset=utf-8
2 < Transfer-Encoding: chunked
2 < Connection: keep-alive
2 < Report-To: {"group":"heroku-nel","max_age":3600,"endpoints":[{"url":"https://nel.heroku.com/reports?ts=1709636684&sid=c46efe9b-d3d2-4a0c-8c76-bfafa16c5add&s=t9uGvCPlV9P602K%2FaqcwyJKaP%2BghD8HcWN01IaD6t5k%3D"}]}
2 < Reporting-Endpoints: heroku-nel=https://nel.heroku.com/reports?ts=1709636684&sid=c46efe9b-d3d2-4a0c-8c76-bfafa16c5add&s=t9uGvCPlV9P602K%2FaqcwyJKaP%2BghD8HcWN01IaD6t5k%3D
2 < Nel: {"report_to":"heroku-nel","max_age":3600,"success_fraction":0.005,"failure_fraction":0.05,"response_headers":["Via"]}
2 < X-Powered-By: Express
2 < Access-Control-Allow-Origin: *
2 < Etag: W/"6a-opS7QiuEs7tdmNAZCu+Y5XzB8j4"
2 < Via: 1.1 vegur
2 < CF-Cache-Status: DYNAMIC
2 < Server: cloudflare
2 < CF-RAY: 85f9a07a3c325fb7-SIN
2 < alt-svc: h3=":443"; ma=86400
{"tags":["est","enim","repellat","ipsum","exercitationem","eos","consequatur","facilis","quia","tenetur"]}

16:34:44.524 [pool-2-thread-3] DEBUG com.intuit.karate - response time in milliseconds: 871
2 < 200
2 < Date: Tue, 05 Mar 2024 11:04:44 GMT
2 < Content-Type: application/json; charset=utf-8
2 < Transfer-Encoding: chunked
2 < Connection: keep-alive
2 < Report-To: {"group":"heroku-nel","max_age":3600,"endpoints":[{"url":"https://nel.heroku.com/reports?ts=1709636684&sid=c46efe9b-d3d2-4a0c-8c76-bfafa16c5add&s=t9uGvCPlV9P602K%2FaqcwyJKaP%2BghD8HcWN01IaD6t5k%3D"}]}
2 < Reporting-Endpoints: heroku-nel=https://nel.heroku.com/reports?ts=1709636684&sid=c46efe9b-d3d2-4a0c-8c76-bfafa16c5add&s=t9uGvCPlV9P602K%2FaqcwyJKaP%2BghD8HcWN01IaD6t5k%3D
2 < Nel: {"report_to":"heroku-nel","max_age":3600,"success_fraction":0.005,"failure_fraction":0.05,"response_headers":["Via"]}
2 < X-Powered-By: Express
2 < Access-Control-Allow-Origin: *
2 < Etag: W/"124-MbsAD7M8Ugxt77Joh1J3BV2IK/E"
2 < Via: 1.1 vegur
2 < CF-Cache-Status: DYNAMIC
2 < Server: cloudflare
2 < CF-RAY: 85f9a07a3bfc3f6c-SIN
2 < alt-svc: h3=":443"; ma=86400
{"user":{"email":"kar1@test.com","username":"VSTKarate","bio":null,"image":"https://api.realworld.io/images/smiley-cyrus.jpeg","token":"eyJhbGciOiJIUzI1NiIsInR5cCI6IkpXVCJ9.eyJ1c2VyIjp7ImlkIjozOTY2fSwiaWF0IjoxNzA5NjM2Njg0LCJleHAiOjE3MTQ4MjA2ODR9.8e6bYTyyhLAGXEBMyLFGDonRq3Si-O0ywijvTWwNnmk"}}

16:34:44.542 [pool-2-thread-3] DEBUG com.intuit.karate - request:
3 > POST https://conduit.productionready.io/api/articles
3 > Authorization: Token eyJhbGciOiJIUzI1NiIsInR5cCI6IkpXVCJ9.eyJ1c2VyIjp7ImlkIjozOTY2fSwiaWF0IjoxNzA5NjM2Njg0LCJleHAiOjE3MTQ4MjA2ODR9.8e6bYTyyhLAGXEBMyLFGDonRq3Si-O0ywijvTWwNnmk
3 > Content-Type: application/json; charset=UTF-8
3 > Content-Length: 97
3 > Host: conduit.productionready.io
3 > Connection: Keep-Alive
3 > User-Agent: Apache-HttpClient/4.5.14 (Java/11.0.22)
3 > Accept-Encoding: gzip,deflate
{"article":{"tagList":["Tags"],"title":"Sumaiya","description":"Test","body":" through-script "}}

16:34:44.843 [pool-2-thread-3] DEBUG com.intuit.karate - request:
4 > POST https://conduit.productionready.io/api/articles
4 > Authorization: Token eyJhbGciOiJIUzI1NiIsInR5cCI6IkpXVCJ9.eyJ1c2VyIjp7ImlkIjozOTY2fSwiaWF0IjoxNzA5NjM2Njg0LCJleHAiOjE3MTQ4MjA2ODR9.8e6bYTyyhLAGXEBMyLFGDonRq3Si-O0ywijvTWwNnmk
4 > Content-Type: application/json; charset=UTF-8
4 > Content-Length: 97
4 > Host: api.realworld.io
4 > Connection: Keep-Alive
4 > User-Agent: Apache-HttpClient/4.5.14 (Java/11.0.22)
4 > Accept-Encoding: gzip,deflate
{"article":{"tagList":["Tags"],"title":"Sumaiya","description":"Test","body":" through-script "}}

16:34:44.846 [pool-2-thread-5] DEBUG com.intuit.karate - response time in milliseconds: 1193
2 < 200
2 < Date: Tue, 05 Mar 2024 11:04:44 GMT
2 < Content-Type: application/json; charset=utf-8
2 < Transfer-Encoding: chunked
2 < Connection: keep-alive
2 < Report-To: {"group":"heroku-nel","max_age":3600,"endpoints":[{"url":"https://nel.heroku.com/reports?ts=1709636684&sid=c46efe9b-d3d2-4a0c-8c76-bfafa16c5add&s=t9uGvCPlV9P602K%2FaqcwyJKaP%2BghD8HcWN01IaD6t5k%3D"}]}
2 < Reporting-Endpoints: heroku-nel=https://nel.heroku.com/reports?ts=1709636684&sid=c46efe9b-d3d2-4a0c-8c76-bfafa16c5add&s=t9uGvCPlV9P602K%2FaqcwyJKaP%2BghD8HcWN01IaD6t5k%3D
2 < Nel: {"report_to":"heroku-nel","max_age":3600,"success_fraction":0.005,"failure_fraction":0.05,"response_headers":["Via"]}
2 < X-Powered-By: Express
2 < Access-Control-Allow-Origin: *
2 < Etag: W/"55e0-1FkaD6ZoHnzDjNxNaeUR3BSuukE"
2 < Via: 1.1 vegur
2 < CF-Cache-Status: DYNAMIC
2 < Server: cloudflare
2 < CF-RAY: 85f9a07a380fa083-SIN
2 < alt-svc: h3=":443"; ma=86400
{"articles":[{"slug":"Ill-quantify-the-redundant-TCP-bus-that-should-hard-drive-the-ADP-bandwidth!-553","title":"Ill quantify the redundant TCP bus, that should hard drive the ADP bandwidth!","description":"Aut facilis qui. Cupiditate sit ratione eum sunt rerum impedit. Qui suscipit debitis et et voluptates voluptatem voluptatibus. Quas voluptatum quae corporis corporis possimus.","body":"Quis nesciunt ut est eos.\\nQui reiciendis doloribus.\\nEst quidem ullam reprehenderit.\\nEst omnis eligendi quis quis quo eum officiis asperiores quis. Et sed dicta eveniet accusamus consequatur.\\nUllam voluptas consequatur aut eos ducimus.\\nId officia est ut dicta provident beatae ipsa. Pariatur quo neque est perspiciatis non illo rerum expedita minima.\\nEt commodi voluptas eos ex.\\nUnde velit delectus deleniti deleniti non in sit.\\nAliquid voluptatem magni. Iusto laborum aperiam neque delectus consequuntur provident est maiores explicabo. Est est sed itaque necessitatibus vitae officiis.\\nIusto dolores sint eveniet quasi dolore quo laborum esse laboriosam.\\nModi similique aut voluptates animi aut dicta dolorum.\\nSint explicabo autem quidem et.\\nNeque aspernatur assumenda fugit provident. Et fuga repellendus magnam dignissimos eius aspernatur rerum. Dolorum eius dignissimos et magnam voluptate aut voluptatem natus.\\nAut sint est eum molestiae consequatur officia omnis.\\nQuae et quam odit voluptatum itaque ducimus magni dolores ab.\\nDolorum sed iure voluptatem et reiciendis. Eveniet sit ipsa officiis laborum.\\nIn vel est omnis sed impedit quod magni.\\nDignissimos quis illum qui atque aut ut quasi sequi. Eveniet sit ipsa officiis laborum.\\nIn vel est omnis sed impedit quod magni.\\nDignissimos quis illum qui atque aut ut quasi sequi. Sapiente vitae culpa ut voluptatem incidunt excepturi voluptates exercitationem.\\nSed doloribus alias consectetur omnis occaecati ad placeat labore.\\nVoluptate consequatur expedita nemo recusandae sint assumenda.\\nQui vel totam quia fugit saepe suscipit autem quasi qui.\\nEt eum vel ut delectus ut nesciunt animi.","tagList":["sit","reiciendis","consequuntur","nihil"],"createdAt":"2024-01-04T00:52:58.601Z","updatedAt":"2024-01-04T00:52:58.601Z","favorited":false,"favoritesCount":237,"author":{"username":"Maksim Esteban","bio":null,"image":"https://api.realworld.io/images/demo-avatar.png","following":false}},{"slug":"quantifying-the-circuit-wont-do-anything-we-need-to-parse-the-back-end-FTP-interface!-553","title":"quantifying the circuit wont do anything, we need to parse the back-end FTP interface!","description":"Quo voluptatem quia numquam laudantium sit quibusdam aut. Veritatis omnis neque ea saepe hic enim. Nam odit dolor non consequuntur perspiciatis inventore ut sint. Velit quod praesentium adipisci modi.","body":"Quos pariatur tenetur.\\nQuasi omnis eveniet eos maiores esse magni possimus blanditiis.\\nQui incidunt sit quos consequatur aut qui et aperiam delectus.\\nPraesentium quas culpa.\\nEaque occaecati cumque incidunt et. Laborum est maxime enim accusantium magnam.\\nRerum dolorum minus laudantium delectus eligendi necessitatibus quia.\\nDeleniti consequatur explicabo aut nobis est vero tempore.\\nExcepturi earum quo quod voluptatem quo iure vel sapiente occaecati.\\nConsectetur consequatur corporis doloribus omnis harum voluptas esse amet. Quia quo iste et aperiam voluptas consectetur a omnis et.\\nDolores et earum consequuntur sunt et.\\nEa nulla ab voluptatem dicta vel. Officia consectetur quibusdam velit debitis porro quia cumque.\\nSuscipit esse voluptatem cum sit totam consequatur molestiae est.\\nMollitia pariatur distinctio fugit. Officia consectetur quibusdam velit debitis porro quia cumque.\\nSuscipit esse voluptatem cum sit totam consequatur molestiae est.\\nMollitia pariatur distinctio fugit. Ab rerum eos ipsa accusantium nihil voluptatem.\\nEum minus alias.\\nIure commodi at harum.\\nNostrum non occaecati omnis quisquam. Sapiente maxime sequi. Quia quo iste et aperiam voluptas consectetur a omnis et.\\nDolores et earum consequuntur sunt et.\\nEa nulla ab voluptatem dicta vel. Similique et quos maiores commodi exercitationem laborum animi qui. Consequatur exercitationem asperiores quidem fuga rerum voluptas pariatur.\\nRepellendus sit itaque nam.\\nDeleniti consectetur vel aliquam vitae est velit.\\nId blanditiis ullam sed consequatur omnis.","tagList":["at","quasi","ullam","nemo"],"createdAt":"2024-01-04T00:52:58.600Z","updatedAt":"2024-01-04T00:52:58.600Z","favorited":false,"favoritesCount":103,"author":{"username":"Maksim Esteban","bio":null,"image":"https://api.realworld.io/images/demo-avatar.png","following":false}},{"slug":"Ill-compress-the-optical-SDD-hard-drive-that-should-interface-the-XSS-bandwidth!-553","title":"Ill compress the optical SDD hard drive, that should interface the XSS bandwidth!","description":"Pariatur ut dolor repellendus dolores ut debitis. Est iusto neque dicta voluptatibus quia nulla consequatur. Omnis aut sed dolores qui laborum a amet.","body":"Deleniti explicabo assumenda ipsum cumque voluptatem blanditiis voluptatum omnis provident.\\nQuis placeat nisi fugit aperiam quaerat mollitia.\\nOccaecati repellendus voluptate similique.\\nLaboriosam qui qui voluptas itaque ipsa. Mollitia nostrum exercitationem sunt rem.\\nRem et voluptas consequatur mollitia nostrum.\\nSunt nesciunt et pariatur quam provident impedit. Quis nesciunt ut est eos.\\nQui reiciendis doloribus.\\nEst quidem ullam reprehenderit.\\nEst omnis eligendi quis quis quo eum officiis asperiores quis. Dolorem sed neque sequi ad nulla.\\nEum tempora ut sit et ducimus.\\nVel a expedita dignissimos.\\nFacilis iste ut.\\nAd saepe doloremque possimus mollitia atque explicabo. Animi enim quo deserunt.\\nAmet facilis at laboriosam.\\nRerum assumenda harum et sapiente suscipit ipsa fugiat.\\nSunt ut aut rem expedita consequatur optio.\\nRecusandae tenetur rerum quos culpa. Minima qui ut nulla eius.\\nA incidunt ipsum tempore porro tempore.\\nFugit quas voluptas ducimus aut.\\nTempore nostrum velit expedita voluptate est.\\nNam iste explicabo tempore impedit voluptas. Molestias non debitis quibusdam quis quod.\\nSaepe ab et hic unde et sed.\\nMagni voluptatem est.\\nEt similique quo porro et. Autem sed aspernatur aut sint ipsam et facere rerum voluptas.\\nPerferendis eligendi molestias laudantium eveniet eos.\\nId veniam asperiores quis voluptates aut deserunt.\\nTempora et eius dignissimos nulla iusto et omnis pariatur.\\nSit mollitia eum blanditiis suscipit. Sunt excepturi ut dolore fuga.\\nAutem eum maiores aut nihil magnam corporis consectetur sit. Animi enim quo deserunt.\\nAmet facilis at laboriosam.\\nRerum assumenda harum et sapiente suscipit ipsa fugiat.\\nSunt ut aut rem expedita consequatur optio.\\nRecusandae tenetur rerum quos culpa.","tagList":["occaecati","labore","consequatur","neque"],"createdAt":"2024-01-04T00:52:58.600Z","updatedAt":"2024-01-04T00:52:58.600Z","favorited":false,"favoritesCount":54,"author":{"username":"Maksim Esteban","bio":null,"image":"https://api.realworld.io/images/demo-avatar.png","following":false}},{"slug":"The-JSON-interface-is-down-hack-the-haptic-transmitter-so-we-can-bypass-the-XML-system!-553","title":"The JSON interface is down, hack the haptic transmitter so we can bypass the XML system!","description":"Odit consequatur nobis aut quo dolores in adipisci praesentium. Quod rerum ducimus ad. Ut autem velit consequatur nihil animi animi architecto. Quaerat et sed.","body":"Debitis facilis dolorum maiores aut et.\\nEa voluptas magnam deserunt at ut sunt voluptatem.\\nEt voluptatem voluptatem.\\nUt est fugiat magnam. Qui et dolorum.\\nEveniet architecto qui accusamus et modi harum facilis a eum.\\nEt vel cumque voluptatem earum minima perferendis. Est aut quis soluta accusantium debitis vel.\\nQuisquam aliquid ex corporis velit. Dolorem sed neque sequi ad nulla.\\nEum tempora ut sit et ducimus.\\nVel a expedita dignissimos.\\nFacilis iste ut.\\nAd saepe doloremque possimus mollitia atque explicabo. Ad voluptate vel.\\nAut aut dolor. Sunt excepturi ut dolore fuga.\\nAutem eum maiores aut nihil magnam corporis consectetur sit. Cupiditate officia voluptatum.\\nTenetur facere eum distinctio animi qui laboriosam.\\nQuod sed voluptatem et cumque est eos.\\nSint id provident suscipit harum odio et. Minima qui ut nulla eius.\\nA incidunt ipsum tempore porro tempore.\\nFugit quas voluptas ducimus aut.\\nTempore nostrum velit expedita voluptate est.\\nNam iste explicabo tempore impedit voluptas. Et sed dicta eveniet accusamus consequatur.\\nUllam voluptas consequatur aut eos ducimus.\\nId officia est ut dicta provident beatae ipsa. Voluptate et quasi optio eos et eveniet culpa et nobis.\\nSint aut sint sequi possimus reiciendis nisi.\\nRerum et omnis et sit doloribus corporis voluptas error.\\nIusto molestiae tenetur necessitatibus dolorem omnis.","tagList":["voluptatem","nostrum","neque"],"createdAt":"2024-01-04T00:52:58.600Z","updatedAt":"2024-01-04T00:52:58.600Z","favorited":false,"favoritesCount":57,"author":{"username":"Maksim Esteban","bio":null,"image":"https://api.realworld.io/images/demo-avatar.png","following":false}},{"slug":"We-need-to-quantify-the-primary-TCP-matrix!-553","title":"We need to quantify the primary TCP matrix!","description":"Assumenda molestiae laboriosam enim ipsum quaerat enim officia vel quo. Earum odit rem natus totam atque cumque. Sint dolorem facere non.","body":"Non enim expedita maiores incidunt voluptatem rem.\\nEt nam vel nihil non non.\\nVoluptates accusantium aut nisi et error doloribus molestiae voluptas soluta. Autem sed aspernatur aut sint ipsam et facere rerum voluptas.\\nPerferendis eligendi molestias laudantium eveniet eos.\\nId veniam asperiores quis voluptates aut deserunt.\\nTempora et eius dignissimos nulla iusto et omnis pariatur.\\nSit mollitia eum blanditiis suscipit. Voluptatem sed debitis.\\nArchitecto sint et deleniti et quod possimus cupiditate.\\nTempore aut eum ipsum recusandae aliquid. Dolorem sed neque sequi ad nulla.\\nEum tempora ut sit et ducimus.\\nVel a expedita dignissimos.\\nFacilis iste ut.\\nAd saepe doloremque possimus mollitia atque explicabo. Ut in omnis sapiente laboriosam autem laborum.\\nRepellendus et beatae qui qui numquam saepe.\\nNon vitae molestias quos illum.\\nSed fugiat qui ullam molestias ad ullam dolore.\\nAutem ex minus distinctio dicta sapiente beatae veritatis at. Qui et dolorum.\\nEveniet architecto qui accusamus et modi harum facilis a eum.\\nEt vel cumque voluptatem earum minima perferendis. Iusto laborum aperiam neque delectus consequuntur provident est maiores explicabo. Aut ipsa et qui vel similique sed hic a.\\nVoluptates dolorem culpa nihil aut ipsam voluptatem. In ipsam mollitia placeat quia adipisci rerum labore repellat. Ut in omnis sapiente laboriosam autem laborum.\\nRepellendus et beatae qui qui numquam saepe.\\nNon vitae molestias quos illum.\\nSed fugiat qui ullam molestias ad ullam dolore.\\nAutem ex minus distinctio dicta sapiente beatae veritatis at.","tagList":["repellat","nostrum","excepturi","quaerat"],"createdAt":"2024-01-04T00:52:58.600Z","updatedAt":"2024-01-04T00:52:58.600Z","favorited":false,"favoritesCount":49,"author":{"username":"Maksim Esteban","bio":null,"image":"https://api.realworld.io/images/demo-avatar.png","following":false}},{"slug":"If-we-hack-the-firewall-we-can-get-to-the-USB-application-through-the-bluetooth-SDD-system!-553","title":"If we hack the firewall, we can get to the USB application through the bluetooth SDD system!","description":"Vel facere dolorem sit hic non. Veniam nihil cumque sed et delectus. Maiores minus quisquam nostrum. Eius quasi nostrum. Molestiae recusandae ut. Suscipit natus aliquam eos sit aut.","body":"Et fuga repellendus magnam dignissimos eius aspernatur rerum. Id est non ad temporibus nobis.\\nQuod soluta quae voluptatem quisquam est. Voluptatem velit ut deserunt.\\nQuibusdam eius repellat. Incidunt doloremque enim autem quam et magnam et expedita fuga.\\nPlaceat quia dolor ut.\\nNon dolor amet temporibus quas non hic sed.\\nQui tempore enim mollitia omnis sed ut eos rerum et.\\nQuidem voluptas est vel. Deserunt ab porro similique est accusamus id enim aut suscipit.\\nSoluta reprehenderit error nesciunt odit veniam sed.\\nDolore optio qui aut ab.\\nAut minima provident eius repudiandae a quibusdam in nisi quam. Nesciunt numquam velit nihil qui quia eius. Facere consequatur ullam.\\nSint illum iste ab et saepe sit ut quis voluptatibus.\\nQuo esse dolorum a quasi nihil.\\nError quo eveniet.\\nQuia aut rem quia in iste fugit ad. Doloribus consequatur et labore suscipit deserunt tempore ad quasi sed.\\nQuam cupiditate modi dolor et eos et culpa qui.\\nDelectus molestias ea id.\\nIllum ea unde sapiente non non non.\\nDolorem ut sed magni. Quas ea voluptatem iste iure.\\nEt soluta et doloremque vero quis occaecati et fuga.\\nIncidunt recusandae dignissimos iusto quisquam sed unde at ea incidunt.\\nId voluptate incidunt qui totam autem voluptas maxime atque quaerat.\\nCorporis iste ut molestiae. Similique et quos maiores commodi exercitationem laborum animi qui.","tagList":["beatae","esse","exercitationem","hic"],"createdAt":"2024-01-04T00:52:58.599Z","updatedAt":"2024-01-04T00:52:58.599Z","favorited":false,"favoritesCount":17,"author":{"username":"Maksim Esteban","bio":null,"image":"https://api.realworld.io/images/demo-avatar.png","following":false}},{"slug":"Ill-override-the-digital-ADP-alarm-that-should-microchip-the-USB-firewall!-553","title":"Ill override the digital ADP alarm, that should microchip the USB firewall!","description":"Rerum enim tenetur maiores ullam et id assumenda est magnam. At praesentium molestias culpa fugiat et ipsum velit est et. Non velit ipsum quas laudantium accusantium sed qui id. Eum deserunt ratione veniam.","body":"Doloribus temporibus dolorum placeat.\\nFugit nulla quaerat.\\nEveniet ratione odit sed non rerum.\\nNemo tempore eveniet veritatis alias repellat et.\\nVoluptas nisi quis commodi id. Exercitationem suscipit enim et aliquam dolor. Cum vitae aliquam neque consequatur quia id dicta ipsam.\\nExercitationem ab eum exercitationem non alias numquam qui.\\nItaque rerum ut nobis est nam vitae exercitationem minima fugiat.\\nEst sit non tempora soluta consequatur eveniet.\\nCorporis nisi dolorem architecto voluptatem. Eveniet sit ipsa officiis laborum.\\nIn vel est omnis sed impedit quod magni.\\nDignissimos quis illum qui atque aut ut quasi sequi. Similique et quos maiores commodi exercitationem laborum animi qui. Ipsa cumque ad repellat qui libero quia impedit fugiat.\\nExcepturi ut vitae recusandae eos quisquam et voluptatem.\\nNeque nostrum distinctio provident eius tempore odio aliquid.\\nSaepe ut suscipit architecto. Sunt hic autem eum sint quia vitae. Qui et dolorum.\\nEveniet architecto qui accusamus et modi harum facilis a eum.\\nEt vel cumque voluptatem earum minima perferendis. Totam ab necessitatibus quidem non. Nemo repudiandae molestiae.\\nNobis sed ducimus aperiam.\\nBeatae cupiditate praesentium in omnis.","tagList":["tenetur","quasi","eos","possimus"],"createdAt":"2024-01-04T00:52:58.599Z","updatedAt":"2024-01-04T00:52:58.599Z","favorited":false,"favoritesCount":16,"author":{"username":"Maksim Esteban","bio":null,"image":"https://api.realworld.io/images/demo-avatar.png","following":false}},{"slug":"Try-to-calculate-the-JBOD-firewall-maybe-it-will-override-the-redundant-port!-553","title":"Try to calculate the JBOD firewall, maybe it will override the redundant port!","description":"Culpa ipsa voluptatem suscipit ut omnis omnis iste. Molestias facere facilis delectus vel fugit quibusdam saepe. Vel ut et dignissimos fugiat sint aut magnam. Quis maiores harum aliquid modi consequuntur veniam ipsum quaerat. Quam quo iusto nulla. Et quasi qui dolore enim.","body":"Cupiditate officia voluptatum.\\nTenetur facere eum distinctio animi qui laboriosam.\\nQuod sed voluptatem et cumque est eos.\\nSint id provident suscipit harum odio et. Ipsa cumque ad repellat qui libero quia impedit fugiat.\\nExcepturi ut vitae recusandae eos quisquam et voluptatem.\\nNeque nostrum distinctio provident eius tempore odio aliquid.\\nSaepe ut suscipit architecto. Quis nesciunt ut est eos.\\nQui reiciendis doloribus.\\nEst quidem ullam reprehenderit.\\nEst omnis eligendi quis quis quo eum officiis asperiores quis. Sapiente vitae culpa ut voluptatem incidunt excepturi voluptates exercitationem.\\nSed doloribus alias consectetur omnis occaecati ad placeat labore.\\nVoluptate consequatur expedita nemo recusandae sint assumenda.\\nQui vel totam quia fugit saepe suscipit autem quasi qui.\\nEt eum vel ut delectus ut nesciunt animi. Qui corrupti at eius cumque adipisci ut sunt voluptates ab. Reprehenderit quae quas quos sapiente ullam ut.\\nVoluptates non ut. Quia quo iste et aperiam voluptas consectetur a omnis et.\\nDolores et earum consequuntur sunt et.\\nEa nulla ab voluptatem dicta vel. Nesciunt numquam velit nihil qui quia eius. Qui eligendi molestiae molestiae sit rem quis.\\nDucimus voluptates ut ducimus possimus quis.\\nCupiditate velit cupiditate harum impedit minima veniam ipsam amet atque.\\nEt architecto molestiae omnis eos aspernatur voluptatem occaecati non.\\nMolestiae inventore aut aut nesciunt totam eum a expedita illo. Ipsa cumque ad repellat qui libero quia impedit fugiat.\\nExcepturi ut vitae recusandae eos quisquam et voluptatem.\\nNeque nostrum distinctio provident eius tempore odio aliquid.\\nSaepe ut suscipit architecto.","tagList":["aut","deserunt","occaecati","vitae"],"createdAt":"2024-01-04T00:52:58.597Z","updatedAt":"2024-01-04T00:52:58.597Z","favorited":false,"favoritesCount":10,"author":{"username":"Maksim Esteban","bio":null,"image":"https://api.realworld.io/images/demo-avatar.png","following":false}},{"slug":"Try-to-transmit-the-HTTP-card-maybe-it-will-override-the-multi-byte-hard-drive!-553","title":"Try to transmit the HTTP card, maybe it will override the multi-byte hard drive!","description":"Optio consectetur rerum eos reiciendis. Voluptatem hic iure. Unde aut voluptas.","body":"Quas ea voluptatem iste iure.\\nEt soluta et doloremque vero quis occaecati et fuga.\\nIncidunt recusandae dignissimos iusto quisquam sed unde at ea incidunt.\\nId voluptate incidunt qui totam autem voluptas maxime atque quaerat.\\nCorporis iste ut molestiae. Ipsam voluptate fugiat iusto illo dignissimos rerum sint placeat.\\nLabore sit omnis. Sed odit quidem qui sed eum id eligendi laboriosam. Reprehenderit quae quas quos sapiente ullam ut.\\nVoluptates non ut. Quia consequatur voluptatibus et.\\nVoluptatibus aspernatur et.\\nDicta architecto qui dignissimos.\\nVeritatis facilis voluptatem inventore aliquid cum.\\nNumquam odio quis porro sunt adipisci culpa. Quos pariatur tenetur.\\nQuasi omnis eveniet eos maiores esse magni possimus blanditiis.\\nQui incidunt sit quos consequatur aut qui et aperiam delectus.\\nPraesentium quas culpa.\\nEaque occaecati cumque incidunt et. Reprehenderit quae quas quos sapiente ullam ut.\\nVoluptates non ut. Placeat sequi quaerat sapiente aspernatur autem sunt molestiae voluptatem.\\nAccusamus unde libero accusamus omnis totam et temporibus. Maiores assumenda porro est ea necessitatibus qui qui dolorum.\\nVelit suscipit ut ipsam odit aut earum. Doloribus consequatur et labore suscipit deserunt tempore ad quasi sed.\\nQuam cupiditate modi dolor et eos et culpa qui.\\nDelectus molestias ea id.\\nIllum ea unde sapiente non non non.\\nDolorem ut sed magni.","tagList":["repellat","quasi","et","blanditiis"],"createdAt":"2024-01-04T00:52:58.597Z","updatedAt":"2024-01-04T00:52:58.597Z","favorited":false,"favoritesCount":10,"author":{"username":"Maksim Esteban","bio":null,"image":"https://api.realworld.io/images/demo-avatar.png","following":false}},{"slug":"Use-the-open-source-THX-application-then-you-can-quantify-the-solid-state-transmitter!-553","title":"Use the open-source THX application, then you can quantify the solid state transmitter!","description":"Quo voluptatem quia numquam laudantium sit quibusdam aut. Veritatis omnis neque ea saepe hic enim. Nam odit dolor non consequuntur perspiciatis inventore ut sint. Velit quod praesentium adipisci modi.","body":"Doloribus consequatur et labore suscipit deserunt tempore ad quasi sed.\\nQuam cupiditate modi dolor et eos et culpa qui.\\nDelectus molestias ea id.\\nIllum ea unde sapiente non non non.\\nDolorem ut sed magni. Voluptatibus harum ullam odio sed animi corporis. Omnis quidem vero eius sed laudantium a ex a saepe.\\nModi qui laudantium in libero odit et impedit. Consequatur odit voluptatem qui.\\nQui quis sequi vel corrupti asperiores soluta rerum.\\nIusto at id quod reiciendis. Reprehenderit quae quas quos sapiente ullam ut.\\nVoluptates non ut. Laborum est maxime enim accusantium magnam.\\nRerum dolorum minus laudantium delectus eligendi necessitatibus quia.\\nDeleniti consequatur explicabo aut nobis est vero tempore.\\nExcepturi earum quo quod voluptatem quo iure vel sapiente occaecati.\\nConsectetur consequatur corporis doloribus omnis harum voluptas esse amet. Nesciunt numquam velit nihil qui quia eius. Totam voluptas consequatur officiis.\\nPlaceat sit nobis ut est quae dolore consequuntur vel.\\nRepudiandae ut molestias rerum occaecati quod.\\nRerum optio minus aliquid.\\nIllum et voluptas iusto molestiae nulla praesentium deserunt est voluptas. Et fuga repellendus magnam dignissimos eius aspernatur rerum. Quo perferendis nesciunt.\\nDolore dolorem porro omnis voluptatibus consequuntur et expedita suscipit et.\\nTempora facere ipsa.\\nDolore accusamus soluta officiis eligendi.\\nEum quaerat neque eum beatae odio.","tagList":["aliquid","qui","consequatur","nihil"],"createdAt":"2024-01-04T00:52:58.597Z","updatedAt":"2024-01-04T00:52:58.597Z","favorited":false,"favoritesCount":13,"author":{"username":"Maksim Esteban","bio":null,"image":"https://api.realworld.io/images/demo-avatar.png","following":false}}],"articlesCount":251}

---------------------------------------------------------
feature: classpath:conduitApp/feature/HomePage.feature
scenarios:  2 | passed:  2 | failed:  0 | time: 2.4093
---------------------------------------------------------

16:34:45.280 [pool-3-thread-1] INFO  com.intuit.karate.Suite - <<pass>> feature 1 of 3 (2 remaining) classpath:conduitApp/feature/HomePage.feature
16:34:45.676 [pool-2-thread-3] DEBUG com.intuit.karate - response time in milliseconds: 831
4 < 201
4 < Date: Tue, 05 Mar 2024 11:04:45 GMT
4 < Content-Type: application/json; charset=utf-8
4 < Content-Length: 357
4 < Connection: keep-alive
4 < Report-To: {"group":"heroku-nel","max_age":3600,"endpoints":[{"url":"https://nel.heroku.com/reports?ts=1709636685&sid=c46efe9b-d3d2-4a0c-8c76-bfafa16c5add&s=2SErI6l0yPZjDQPSJ7eKZRR2scXX4%2FTuOPHLakKlP68%3D"}]}
4 < Reporting-Endpoints: heroku-nel=https://nel.heroku.com/reports?ts=1709636685&sid=c46efe9b-d3d2-4a0c-8c76-bfafa16c5add&s=2SErI6l0yPZjDQPSJ7eKZRR2scXX4%2FTuOPHLakKlP68%3D
4 < Nel: {"report_to":"heroku-nel","max_age":3600,"success_fraction":0.005,"failure_fraction":0.05,"response_headers":["Via"]}
4 < X-Powered-By: Express
4 < Access-Control-Allow-Origin: *
4 < Etag: W/"165-hJSF2DivsqhhgQKv30YjyqhrRfU"
4 < Via: 1.1 vegur
4 < CF-Cache-Status: DYNAMIC
4 < Server: cloudflare
4 < CF-RAY: 85f9a0818e353e23-SIN
4 < alt-svc: h3=":443"; ma=86400
{"article":{"slug":"Sumaiya-3966","title":"Sumaiya","description":"Test","body":" through-script ","tagList":["Tags"],"createdAt":"2024-03-05T11:04:45.440Z","updatedAt":"2024-03-05T11:04:45.440Z","favorited":false,"favoritesCount":0,"author":{"username":"VSTKarate","bio":null,"image":"https://api.realworld.io/images/smiley-cyrus.jpeg","following":false}}}

---------------------------------------------------------
feature: classpath:conduitApp/feature/PostArticle.feature
scenarios:  1 | passed:  1 | failed:  0 | time: 2.9507
---------------------------------------------------------

16:34:45.822 [pool-3-thread-1] INFO  com.intuit.karate.Suite - <<pass>> feature 2 of 3 (1 remaining) classpath:conduitApp/feature/PostArticle.feature
---------------------------------------------------------
feature: classpath:conduitApp/feature/ProdHomePage.feature
scenarios:  2 | passed:  2 | failed:  0 | time: 3.8548
---------------------------------------------------------

16:34:45.989 [pool-3-thread-1] INFO  com.intuit.karate.Suite - <<pass>> feature 3 of 3 (0 remaining) classpath:conduitApp/feature/ProdHomePage.feature
Karate version: 1.4.1
======================================================
elapsed:   5.49 | threads:    5 | thread time: 9.22 
features:     3 | skipped:    0 | efficiency: 0.34
scenarios:    5 | passed:     5 | failed: 0
======================================================

HTML report: (paste into browser to view) | Karate version: 1.4.1
file:///D:/BackEnd-Karate%20Project/KarateBK_EndProject/target/karate-reports/karate-summary.html
===================================================================

]]></system-out>
  </testcase>
</testsuite>